<?xml version="1.0" encoding="UTF-8"?>
<!-- Generated by org.testng.reporters.JUnitReportReporter -->
<testsuite hostname="DESKTOP-P7OORB0" failures="0" tests="1" name="MobileModule.TC_Mobile_010_Test" time="11.775" errors="0" timestamp="2023-01-24T13:10:43 IST" skipped="0">
  <testcase classname="MobileModule.TC_Mobile_010_Test" name="TC_010_EmailTofriend" time="11.775"/>
  <system-out>
User Clicking On Mobile Phones Button User Navigated to Mobile page sucessfully user Clicked on Iphone SucessFully:  Shop. iPhone Plus user add the product to wishList SucessFully User clicked on the wishList button on popupPage sucessfully  User Navigated to WishList Page sucessfully  user clicked on the Email to friend Sucessfully User is not able Send a mail Witout Enter the Email in Textbox 'Friend's email' should not be empty.  </system-out>
</testsuite> <!-- MobileModule.TC_Mobile_010_Test -->
